<?xml version="1.0" encoding="UTF-8"?>
<!-- Generated by org.testng.reporters.JUnitXMLReporter -->
<testsuite hostname="DESKTOP-MFEMF1B" name="weather Check for City in firefox" tests="6" failures="0" timestamp="22 Jun 2020 13:52:33 GMT" time="156.122" errors="0">
  <testcase name="verifyCityName" time="2.406" classname="com.qa.parallelTest.CityDegreeCheck.ParallelTest"/>
  <testcase name="verifyCityName" time="2.295" classname="com.qa.parallelTest.CityDegreeCheck.ParallelTest"/>
  <testcase name="verifyCityName" time="2.342" classname="com.qa.parallelTest.CityDegreeCheck.ParallelTest"/>
  <testcase name="verifyCityName" time="2.441" classname="com.qa.parallelTest.CityDegreeCheck.ParallelTest"/>
  <testcase name="verifyCityName" time="2.338" classname="com.qa.parallelTest.CityDegreeCheck.ParallelTest"/>
  <testcase name="verifyCityName" time="2.475" classname="com.qa.parallelTest.CityDegreeCheck.ParallelTest"/>
</testsuite> <!-- weather Check for City in firefox -->
