<?xml version="1.0" encoding="UTF-8"?>
<!-- Generated by org.testng.reporters.JUnitXMLReporter -->
<testsuite hostname="DESKTOP-MFEMF1B" name="weather Check for City in chrome" tests="6" failures="0" timestamp="22 Jun 2020 13:51:58 GMT" time="120.714" errors="0">
  <testcase name="verifyCityName" time="5.55" classname="com.qa.parallelTest.CityDegreeCheck.ParallelTest"/>
  <testcase name="verifyCityName" time="5.253" classname="com.qa.parallelTest.CityDegreeCheck.ParallelTest"/>
  <testcase name="verifyCityName" time="4.78" classname="com.qa.parallelTest.CityDegreeCheck.ParallelTest"/>
  <testcase name="verifyCityName" time="5.334" classname="com.qa.parallelTest.CityDegreeCheck.ParallelTest"/>
  <testcase name="verifyCityName" time="5.129" classname="com.qa.parallelTest.CityDegreeCheck.ParallelTest"/>
  <testcase name="verifyCityName" time="7.583" classname="com.qa.parallelTest.CityDegreeCheck.ParallelTest"/>
</testsuite> <!-- weather Check for City in chrome -->
