<?xml version="1.0" encoding="UTF-8"?>
<!-- Generated by org.testng.reporters.JUnitXMLReporter -->
<testsuite hostname="DESKTOP-MFEMF1B" name="weather Check for City in ie" tests="6" failures="0" timestamp="6 Jun 2020 08:19:33 GMT" time="2001.566" errors="0">
  <testcase name="@BeforeMethod initiateBrowser" time="0.0" classname="com.qa.parallelTest.CityDegreeCheck.ParallelTest">
    <failure type="org.openqa.selenium.TimeoutException" message="Timed out waiting for page to load.
Build info: version: &amp;apos;3.13.0&amp;apos;, revision: &amp;apos;2f0d292&amp;apos;, time: &amp;apos;2018-06-25T15:24:21.231Z&amp;apos;
System info: host: &amp;apos;DESKTOP-MFEMF1B&amp;apos;, ip: &amp;apos;192.168.0.108&amp;apos;, os.name: &amp;apos;Windows 10&amp;apos;, os.arch: &amp;apos;x86&amp;apos;, os.version: &amp;apos;10.0&amp;apos;, java.version: &amp;apos;1.8.0_241&amp;apos;
Driver info: org.openqa.selenium.ie.InternetExplorerDriver
Capabilities {acceptInsecureCerts: false, browserName: internet explorer, browserVersion: 11, javascriptEnabled: true, pageLoadStrategy: normal, platform: WINDOWS, platformName: WINDOWS, proxy: Proxy(), se:ieOptions: {browserAttachTimeout: 0, elementScrollBehavior: 0, enablePersistentHover: true, ie.browserCommandLineSwitches: , ie.edgechromium: false, ie.edgepath: , ie.ensureCleanSession: false, ie.fileUploadDialogTimeout: 3000, ie.forceCreateProcessApi: false, ignoreProtectedModeSettings: false, ignoreZoomSetting: false, initialBrowserUrl: http://localhost:36713/, nativeEvents: true, requireWindowFocus: false}, setWindowRect: true, strictFileInteractability: false, timeouts: {implicit: 0, pageLoad: 300000, script: 30000}, unhandledPromptBehavior: dismiss and notify}
Session ID: fd14a4a6-e1b4-42bb-a524-023e09488e7c">
      <![CDATA[org.openqa.selenium.TimeoutException: Timed out waiting for page to load.
Build info: version: '3.13.0', revision: '2f0d292', time: '2018-06-25T15:24:21.231Z'
System info: host: 'DESKTOP-MFEMF1B', ip: '192.168.0.108', os.name: 'Windows 10', os.arch: 'x86', os.version: '10.0', java.version: '1.8.0_241'
Driver info: org.openqa.selenium.ie.InternetExplorerDriver
Capabilities {acceptInsecureCerts: false, browserName: internet explorer, browserVersion: 11, javascriptEnabled: true, pageLoadStrategy: normal, platform: WINDOWS, platformName: WINDOWS, proxy: Proxy(), se:ieOptions: {browserAttachTimeout: 0, elementScrollBehavior: 0, enablePersistentHover: true, ie.browserCommandLineSwitches: , ie.edgechromium: false, ie.edgepath: , ie.ensureCleanSession: false, ie.fileUploadDialogTimeout: 3000, ie.forceCreateProcessApi: false, ignoreProtectedModeSettings: false, ignoreZoomSetting: false, initialBrowserUrl: http://localhost:36713/, nativeEvents: true, requireWindowFocus: false}, setWindowRect: true, strictFileInteractability: false, timeouts: {implicit: 0, pageLoad: 300000, script: 30000}, unhandledPromptBehavior: dismiss and notify}
Session ID: fd14a4a6-e1b4-42bb-a524-023e09488e7c
	at org.openqa.selenium.remote.http.W3CHttpResponseCodec.createException(W3CHttpResponseCodec.java:187)
	at org.openqa.selenium.remote.http.W3CHttpResponseCodec.decode(W3CHttpResponseCodec.java:122)
	at org.openqa.selenium.remote.http.W3CHttpResponseCodec.decode(W3CHttpResponseCodec.java:49)
	at org.openqa.selenium.remote.HttpCommandExecutor.execute(HttpCommandExecutor.java:158)
	at org.openqa.selenium.remote.service.DriverCommandExecutor.execute(DriverCommandExecutor.java:83)
	at org.openqa.selenium.remote.RemoteWebDriver.execute(RemoteWebDriver.java:548)
	at org.openqa.selenium.remote.RemoteWebDriver.get(RemoteWebDriver.java:276)
	at com.qa.parallelTest.CityDegreeCheck.ParallelTest.initiateBrowser(ParallelTest.java:52)
	at java.util.concurrent.ThreadPoolExecutor.runWorker(Unknown Source)
	at java.util.concurrent.ThreadPoolExecutor$Worker.run(Unknown Source)
	at java.lang.Thread.run(Unknown Source)
... Removed 16 stack frames]]>
    </failure>
  </testcase> <!-- @BeforeMethod initiateBrowser -->
  <testcase name="@AfterMethod closeBrowser" time="0.0" classname="com.qa.parallelTest.CityDegreeCheck.ParallelTest">
    <skipped/>
  </testcase> <!-- @AfterMethod closeBrowser -->
  <testcase name="@BeforeMethod initiateBrowser" time="0.0" classname="com.qa.parallelTest.CityDegreeCheck.ParallelTest">
    <skipped/>
  </testcase> <!-- @BeforeMethod initiateBrowser -->
  <testcase name="@AfterMethod closeBrowser" time="0.0" classname="com.qa.parallelTest.CityDegreeCheck.ParallelTest">
    <skipped/>
  </testcase> <!-- @AfterMethod closeBrowser -->
  <testcase name="@BeforeMethod initiateBrowser" time="0.0" classname="com.qa.parallelTest.CityDegreeCheck.ParallelTest">
    <skipped/>
  </testcase> <!-- @BeforeMethod initiateBrowser -->
  <testcase name="@AfterMethod closeBrowser" time="0.0" classname="com.qa.parallelTest.CityDegreeCheck.ParallelTest">
    <skipped/>
  </testcase> <!-- @AfterMethod closeBrowser -->
  <testcase name="@BeforeMethod initiateBrowser" time="0.0" classname="com.qa.parallelTest.CityDegreeCheck.ParallelTest">
    <skipped/>
  </testcase> <!-- @BeforeMethod initiateBrowser -->
  <testcase name="@AfterMethod closeBrowser" time="0.0" classname="com.qa.parallelTest.CityDegreeCheck.ParallelTest">
    <skipped/>
  </testcase> <!-- @AfterMethod closeBrowser -->
  <testcase name="@BeforeMethod initiateBrowser" time="0.0" classname="com.qa.parallelTest.CityDegreeCheck.ParallelTest">
    <skipped/>
  </testcase> <!-- @BeforeMethod initiateBrowser -->
  <testcase name="@AfterMethod closeBrowser" time="0.0" classname="com.qa.parallelTest.CityDegreeCheck.ParallelTest">
    <skipped/>
  </testcase> <!-- @AfterMethod closeBrowser -->
  <testcase name="@BeforeMethod initiateBrowser" time="0.0" classname="com.qa.parallelTest.CityDegreeCheck.ParallelTest">
    <skipped/>
  </testcase> <!-- @BeforeMethod initiateBrowser -->
  <testcase name="@AfterMethod closeBrowser" time="0.0" classname="com.qa.parallelTest.CityDegreeCheck.ParallelTest">
    <skipped/>
  </testcase> <!-- @AfterMethod closeBrowser -->
  <testcase name="verifyCityName" time="0.001" classname="com.qa.parallelTest.CityDegreeCheck.ParallelTest">
    <skipped/>
  </testcase> <!-- verifyCityName -->
  <testcase name="verifyCityName" time="0.001" classname="com.qa.parallelTest.CityDegreeCheck.ParallelTest">
    <skipped/>
  </testcase> <!-- verifyCityName -->
  <testcase name="verifyCityName" time="0.0" classname="com.qa.parallelTest.CityDegreeCheck.ParallelTest">
    <skipped/>
  </testcase> <!-- verifyCityName -->
  <testcase name="verifyCityName" time="0.001" classname="com.qa.parallelTest.CityDegreeCheck.ParallelTest">
    <skipped/>
  </testcase> <!-- verifyCityName -->
  <testcase name="verifyCityName" time="0.0" classname="com.qa.parallelTest.CityDegreeCheck.ParallelTest">
    <skipped/>
  </testcase> <!-- verifyCityName -->
  <testcase name="verifyCityName" time="0.001" classname="com.qa.parallelTest.CityDegreeCheck.ParallelTest">
    <skipped/>
  </testcase> <!-- verifyCityName -->
</testsuite> <!-- weather Check for City in ie -->
