<?xml version="1.0" encoding="UTF-8"?>
<!-- Generated by org.testng.reporters.JUnitXMLReporter -->
<testsuite hostname="DESKTOP-MFEMF1B" name="weather Check for City in firefox" tests="6" failures="0" timestamp="6 Jun 2020 09:33:47 GMT" time="144.149" errors="0">
  <testcase name="verifyCityName" time="2.475" classname="com.qa.parallelTest.CityDegreeCheck.ParallelTest"/>
  <testcase name="verifyCityName" time="2.323" classname="com.qa.parallelTest.CityDegreeCheck.ParallelTest"/>
  <testcase name="verifyCityName" time="2.276" classname="com.qa.parallelTest.CityDegreeCheck.ParallelTest"/>
  <testcase name="verifyCityName" time="2.387" classname="com.qa.parallelTest.CityDegreeCheck.ParallelTest"/>
  <testcase name="verifyCityName" time="2.221" classname="com.qa.parallelTest.CityDegreeCheck.ParallelTest"/>
  <testcase name="verifyCityName" time="2.286" classname="com.qa.parallelTest.CityDegreeCheck.ParallelTest"/>
</testsuite> <!-- weather Check for City in firefox -->
