<?xml version="1.0" encoding="UTF-8"?>
<testng-results skipped="0" failed="1" total="3" passed="2">
  <reporter-output>
  </reporter-output>
  <suite name="Suite" duration-ms="0" started-at="2020-05-10T07:47:25Z" finished-at="2020-05-10T07:47:25Z">
    <groups>
    </groups>
  </suite> <!-- Suite -->
  <suite name="FlipKart Activities (1)" duration-ms="16763" started-at="2020-05-10T07:47:08Z" finished-at="2020-05-10T07:47:25Z">
    <groups>
    </groups>
    <test name="Price Range Of Product" duration-ms="16763" started-at="2020-05-10T07:47:08Z" finished-at="2020-05-10T07:47:25Z">
      <class name="com.qa.Flipkart.ActivitiesTest.PriceRangeOfProductTest">
        <test-method status="PASS" signature="openingBrowser()[pri:0, instance:com.qa.Flipkart.ActivitiesTest.PriceRangeOfProductTest@69b199]" name="openingBrowser" is-config="true" duration-ms="13641" started-at="2020-05-10T13:16:54Z" finished-at="2020-05-10T13:17:08Z">
          <reporter-output>
          </reporter-output>
        </test-method> <!-- openingBrowser -->
        <test-method status="FAIL" signature="verifyProductsPriceTest()[pri:0, instance:com.qa.Flipkart.ActivitiesTest.PriceRangeOfProductTest@69b199]" name="verifyProductsPriceTest" duration-ms="16756" started-at="2020-05-10T13:17:08Z" finished-at="2020-05-10T13:17:25Z">
          <exception class="java.lang.AssertionError">
            <message>
              <![CDATA[Price range 20,000 to 40,000' of items test failed expected [true] but found [false]]]>
            </message>
            <full-stacktrace>
              <![CDATA[java.lang.AssertionError: Price range 20,000 to 40,000' of items test failed expected [true] but found [false]
	at org.testng.Assert.fail(Assert.java:94)
	at org.testng.Assert.failNotEquals(Assert.java:496)
	at org.testng.Assert.assertTrue(Assert.java:42)
	at com.qa.Flipkart.ActivitiesTest.PriceRangeOfProductTest.verifyProductsPriceTest(PriceRangeOfProductTest.java:20)
	at sun.reflect.NativeMethodAccessorImpl.invoke0(Native Method)
	at sun.reflect.NativeMethodAccessorImpl.invoke(Unknown Source)
	at sun.reflect.DelegatingMethodAccessorImpl.invoke(Unknown Source)
	at java.lang.reflect.Method.invoke(Unknown Source)
	at org.testng.internal.MethodInvocationHelper.invokeMethod(MethodInvocationHelper.java:85)
	at org.testng.internal.Invoker.invokeMethod(Invoker.java:639)
	at org.testng.internal.Invoker.invokeTestMethod(Invoker.java:816)
	at org.testng.internal.Invoker.invokeTestMethods(Invoker.java:1124)
	at org.testng.internal.TestMethodWorker.invokeTestMethods(TestMethodWorker.java:125)
	at org.testng.internal.TestMethodWorker.run(TestMethodWorker.java:108)
	at org.testng.TestRunner.privateRun(TestRunner.java:774)
	at org.testng.TestRunner.run(TestRunner.java:624)
	at org.testng.SuiteRunner.runTest(SuiteRunner.java:359)
	at org.testng.SuiteRunner.runSequentially(SuiteRunner.java:354)
	at org.testng.SuiteRunner.privateRun(SuiteRunner.java:312)
	at org.testng.SuiteRunner.run(SuiteRunner.java:261)
	at org.testng.SuiteRunnerWorker.runSuite(SuiteRunnerWorker.java:52)
	at org.testng.SuiteRunnerWorker.run(SuiteRunnerWorker.java:86)
	at org.testng.TestNG.runSuitesSequentially(TestNG.java:1215)
	at org.testng.TestNG.runSuitesSequentially(TestNG.java:1211)
	at org.testng.TestNG.runSuitesLocally(TestNG.java:1140)
	at org.testng.TestNG.run(TestNG.java:1048)
	at org.testng.remote.RemoteTestNG.run(RemoteTestNG.java:112)
	at org.testng.remote.RemoteTestNG.initAndRun(RemoteTestNG.java:205)
	at org.testng.remote.RemoteTestNG.main(RemoteTestNG.java:176)
]]>
            </full-stacktrace>
          </exception> <!-- java.lang.AssertionError -->
          <reporter-output>
          </reporter-output>
        </test-method> <!-- verifyProductsPriceTest -->
        <test-method status="PASS" signature="closeBrowser()[pri:0, instance:com.qa.Flipkart.ActivitiesTest.PriceRangeOfProductTest@69b199]" name="closeBrowser" is-config="true" duration-ms="774" started-at="2020-05-10T13:17:25Z" finished-at="2020-05-10T13:17:25Z">
          <reporter-output>
          </reporter-output>
        </test-method> <!-- closeBrowser -->
      </class> <!-- com.qa.Flipkart.ActivitiesTest.PriceRangeOfProductTest -->
    </test> <!-- Price Range Of Product -->
  </suite> <!-- FlipKart Activities (1) -->
  <suite name="FlipKart Activities (0)" duration-ms="13682" started-at="2020-05-10T07:46:40Z" finished-at="2020-05-10T07:46:53Z">
    <groups>
    </groups>
    <test name="Products Name" duration-ms="13682" started-at="2020-05-10T07:46:40Z" finished-at="2020-05-10T07:46:53Z">
      <class name="com.qa.Flipkart.ActivitiesTest.ItemsNameTest">
        <test-method status="PASS" signature="openingBrowser()[pri:0, instance:com.qa.Flipkart.ActivitiesTest.ItemsNameTest@76ae34]" name="openingBrowser" is-config="true" duration-ms="15488" started-at="2020-05-10T13:16:24Z" finished-at="2020-05-10T13:16:40Z">
          <reporter-output>
          </reporter-output>
        </test-method> <!-- openingBrowser -->
        <test-method status="PASS" signature="verifyProductsNameTest()[pri:0, instance:com.qa.Flipkart.ActivitiesTest.ItemsNameTest@76ae34]" name="verifyProductsNameTest" duration-ms="13676" started-at="2020-05-10T13:16:40Z" finished-at="2020-05-10T13:16:53Z">
          <reporter-output>
          </reporter-output>
        </test-method> <!-- verifyProductsNameTest -->
        <test-method status="PASS" signature="closeBrowser()[pri:0, instance:com.qa.Flipkart.ActivitiesTest.ItemsNameTest@76ae34]" name="closeBrowser" is-config="true" duration-ms="710" started-at="2020-05-10T13:16:53Z" finished-at="2020-05-10T13:16:54Z">
          <reporter-output>
          </reporter-output>
        </test-method> <!-- closeBrowser -->
      </class> <!-- com.qa.Flipkart.ActivitiesTest.ItemsNameTest -->
    </test> <!-- Products Name -->
  </suite> <!-- FlipKart Activities (0) -->
  <suite name="FlipKart Activities" duration-ms="8217" started-at="2020-05-10T07:46:15Z" finished-at="2020-05-10T07:46:23Z">
    <groups>
    </groups>
    <test name="Auto Suggest Value" duration-ms="8217" started-at="2020-05-10T07:46:15Z" finished-at="2020-05-10T07:46:23Z">
      <class name="com.qa.Flipkart.ActivitiesTest.AutoSuggestValueTest">
        <test-method status="PASS" signature="openingBrowser()[pri:0, instance:com.qa.Flipkart.ActivitiesTest.AutoSuggestValueTest@f6e879]" name="openingBrowser" is-config="true" duration-ms="15832" started-at="2020-05-10T13:15:59Z" finished-at="2020-05-10T13:16:15Z">
          <reporter-output>
          </reporter-output>
        </test-method> <!-- openingBrowser -->
        <test-method status="PASS" signature="verifyAutoSuggestValueTest()[pri:0, instance:com.qa.Flipkart.ActivitiesTest.AutoSuggestValueTest@f6e879]" name="verifyAutoSuggestValueTest" duration-ms="8196" started-at="2020-05-10T13:16:15Z" finished-at="2020-05-10T13:16:23Z">
          <reporter-output>
          </reporter-output>
        </test-method> <!-- verifyAutoSuggestValueTest -->
        <test-method status="PASS" signature="closeBrowser()[pri:0, instance:com.qa.Flipkart.ActivitiesTest.AutoSuggestValueTest@f6e879]" name="closeBrowser" is-config="true" duration-ms="747" started-at="2020-05-10T13:16:23Z" finished-at="2020-05-10T13:16:24Z">
          <reporter-output>
          </reporter-output>
        </test-method> <!-- closeBrowser -->
      </class> <!-- com.qa.Flipkart.ActivitiesTest.AutoSuggestValueTest -->
    </test> <!-- Auto Suggest Value -->
  </suite> <!-- FlipKart Activities -->
</testng-results>
